<?xml version="1.0" encoding="UTF-8"?>
<coverage generated="1552465400">
  <project timestamp="1552465400">
    <package name="PHPGithook\PHPUnit">
      <file name="/home/lsv/Projects/phpgithook/phpunit/src/PHPUnitRunner.php">
        <class name="PHPGithook\PHPUnit\PHPUnitRunner" namespace="PHPGithook\PHPUnit">
          <metrics complexity="4" methods="1" coveredmethods="1" conditionals="0" coveredconditionals="0" statements="9" coveredstatements="9" elements="10" coveredelements="10"/>
        </class>
        <line num="11" type="method" name="execute" visibility="protected" complexity="4" crap="4" count="4"/>
        <line num="23" type="stmt" count="4"/>
        <line num="24" type="stmt" count="4"/>
        <line num="25" type="stmt" count="4"/>
        <line num="26" type="stmt" count="4"/>
        <line num="29" type="stmt" count="4"/>
        <line num="30" type="stmt" count="4"/>
        <line num="32" type="stmt" count="4"/>
        <line num="33" type="stmt" count="4"/>
        <line num="35" type="stmt" count="4"/>
        <metrics loc="37" ncloc="33" classes="1" methods="1" coveredmethods="1" conditionals="0" coveredconditionals="0" statements="9" coveredstatements="9" elements="10" coveredelements="10"/>
      </file>
      <file name="/home/lsv/Projects/phpgithook/phpunit/src/PreCommit.php">
        <class name="PHPGithook\PHPUnit\PreCommit" namespace="PHPGithook\PHPUnit">
          <metrics complexity="2" methods="1" coveredmethods="1" conditionals="0" coveredconditionals="0" statements="3" coveredstatements="3" elements="4" coveredelements="4"/>
        </class>
        <line num="25" type="method" name="preCommit" visibility="public" complexity="2" crap="2" count="3"/>
        <line num="27" type="stmt" count="3"/>
        <line num="28" type="stmt" count="2"/>
        <line num="31" type="stmt" count="1"/>
        <metrics loc="33" ncloc="20" classes="1" methods="1" coveredmethods="1" conditionals="0" coveredconditionals="0" statements="3" coveredstatements="3" elements="4" coveredelements="4"/>
      </file>
      <file name="/home/lsv/Projects/phpgithook/phpunit/src/PrePush.php">
        <class name="PHPGithook\PHPUnit\PrePush" namespace="PHPGithook\PHPUnit">
          <metrics complexity="2" methods="1" coveredmethods="1" conditionals="0" coveredconditionals="0" statements="3" coveredstatements="3" elements="4" coveredelements="4"/>
        </class>
        <line num="25" type="method" name="prePush" visibility="public" complexity="2" crap="2" count="3"/>
        <line num="27" type="stmt" count="3"/>
        <line num="28" type="stmt" count="2"/>
        <line num="31" type="stmt" count="1"/>
        <metrics loc="33" ncloc="20" classes="1" methods="1" coveredmethods="1" conditionals="0" coveredconditionals="0" statements="3" coveredstatements="3" elements="4" coveredelements="4"/>
      </file>
      <file name="/home/lsv/Projects/phpgithook/phpunit/src/Setup.php">
        <class name="PHPGithook\PHPUnit\Setup" namespace="PHPGithook\PHPUnit">
          <metrics complexity="15" methods="5" coveredmethods="5" conditionals="0" coveredconditionals="0" statements="27" coveredstatements="27" elements="32" coveredelements="32"/>
        </class>
        <line num="27" type="method" name="createConfiguration" visibility="public" complexity="11" crap="11" count="9"/>
        <line num="29" type="stmt" count="9"/>
        <line num="30" type="stmt" count="1"/>
        <line num="33" type="stmt" count="8"/>
        <line num="35" type="stmt" count="8"/>
        <line num="36" type="stmt" count="8"/>
        <line num="37" type="stmt" count="8"/>
        <line num="39" type="stmt" count="8"/>
        <line num="40" type="stmt" count="8"/>
        <line num="41" type="stmt" count="6"/>
        <line num="42" type="stmt" count="6"/>
        <line num="43" type="stmt" count="1"/>
        <line num="46" type="stmt" count="8"/>
        <line num="48" type="stmt" count="8"/>
        <line num="49" type="stmt" count="8"/>
        <line num="50" type="stmt" count="6"/>
        <line num="51" type="stmt" count="6"/>
        <line num="52" type="stmt" count="1"/>
        <line num="55" type="stmt" count="8"/>
        <line num="57" type="stmt" count="8"/>
        <line num="58" type="stmt" count="8"/>
        <line num="59" type="stmt" count="8"/>
        <line num="60" type="stmt" count="8"/>
        <line num="62" type="stmt" count="8"/>
        <line num="70" type="method" name="getVisualName" visibility="public" complexity="1" crap="1" count="1"/>
        <line num="72" type="stmt" count="1"/>
        <line num="80" type="method" name="getDescription" visibility="public" complexity="1" crap="1" count="1"/>
        <line num="82" type="stmt" count="1"/>
        <line num="90" type="method" name="getName" visibility="public" complexity="1" crap="1" count="1"/>
        <line num="92" type="stmt" count="1"/>
        <line num="100" type="method" name="getClasses" visibility="public" complexity="1" crap="1" count="1"/>
        <line num="103" type="stmt" count="1"/>
        <metrics loc="107" ncloc="73" classes="1" methods="5" coveredmethods="5" conditionals="0" coveredconditionals="0" statements="27" coveredstatements="27" elements="32" coveredelements="32"/>
      </file>
    </package>
    <metrics files="4" loc="210" ncloc="146" classes="4" methods="8" coveredmethods="8" conditionals="0" coveredconditionals="0" statements="42" coveredstatements="42" elements="50" coveredelements="50"/>
  </project>
</coverage>
